<?xml version='1.0' encoding='UTF-8'?>
<beans xmlns="http://www.springframework.org/schema/beans"
       xmlns:xsi="http://www.w3.org/2001/XMLSchema-instance"
       xsi:schemaLocation="http://www.springframework.org/schema/beans http://www.springframework.org/schema/beans/spring-beans.xsd">

    <bean id="${project.artifactId}_testPermissionModel" parent="permissionModelBootstrap">
        <property name="model" value="test-permission-model.xml" />
    </bean>
</beans>


