<?xml version='1.0' encoding='UTF-8'?>
<!DOCTYPE permissions PUBLIC '-//ALFRESCO//DTD PERMISSIONS//EN' 'permissionSchema.dtd'>

<permissions>

    <!-- Namespaces used in type references -->
    <namespaces>
        <namespace uri="http://www.alfresco.org/model/system/1.0" prefix="sys"/>
        <namespace uri="http://www.alfresco.org/model/content/1.0" prefix="cm"/>
        <namespace uri="http://openesdh.dk/model/openesdh/1.0" prefix="oe" />
        <namespace uri="http://openesdh.dk/model/case/base/1.0" prefix="base" />
    </namespaces>
    <!-- ============================================ -->
    <!-- Permissions specific to the ESDH Case module -->
    <!-- ============================================ -->

    <!-- README!!: Permission group names MUST be unique, otherwise the name will get
         prefixed with the qname of the type.
    -->

    <!-- permissionGroup names are camelcase, including URI prefix, and width a capital first letter, e.g.:
        A reader for the case:simple type, should be named CaseSimpleReader -->

    <!--
    1.Coordinator: read, edit, add, delete (full access)
    2.Collaborator: read, edit, add
    3.Contributor: read, add
    4.Editor: read, edit
    5.Consumer: read
    -->

    <permissionSet type="base:case" expose="selected">
        <permissionGroup name="CaseTestReader" expose="true" requiresType="true">
            <includePermissionGroup permissionGroup="Consumer" type="cm:cmobject"/>
        </permissionGroup>
        
        <permissionGroup name="CaseTestWriter" expose="true" requiresType="true">
            <includePermissionGroup permissionGroup="Collaborator" type="cm:cmobject" />
        </permissionGroup>
        
        <permissionGroup name="CaseTestCreator" expose="false" requiresType="true">
            <includePermissionGroup permissionGroup="Collaborator" type="cm:cmobject" />
        </permissionGroup>



    </permissionSet>

</permissions>